Array
(
    [0] => 1
    [grn_id] => 1
    [1] => 1
    [ju_id] => 1
    [2] => sac
    [sac_par_table] => sac
    [3] => 1
    [sac_par_id] => 1
    [4] => 1
    [space_occupied] => 1
    [5] => 1
    [location] => 1
    [6] => 1
    [validity] => 1
    [7] => 2017-05-09 08:11:47
    [created_date] => 2017-05-09 08:11:47
    [8] => created
    [status] => created
    [id] => 1
    [table_name] => sac
    [importing_firm_name] => ABC123
    [licence_code] => LN_1234
    [bol_awb_number] => AWB_123
    [boe_number] => BOE_12378
    [material_name] => Lilly
    [material_nature] => Non Hazardous
    [packing_nature] => Wooden Crate Bags Cartons
)
