Array
(
    [0] => 1
    [ju_id] => 1
    [1] => sac
    [sac_par_table] => sac
    [2] => 1
    [sac_par_id] => 1
    [3] => 1
    [weight] => 1
    [4] => 2
    [no_of_packages] => 2
    [5] => box
    [description] => box
    [6] => ramu
    [supervisor_name] => ramu
    [7] => 2
    [unloading_type] => 2
    [8] => 45
    [equipment_ref_number] => 45
    [9] => 2
    [no_of_labors] => 2
    [10] => 30
    [unloading_time] => 30
    [11] => 20 ft. Container
    [dimension] => 20 ft. Container
    [12] => completed
    [status] => completed
    [13] => 2
    [exception_id] => 2
)
