Array
(
    [0] => 4
    [igp_un_id] => 4
    [1] => par
    [sac_par_table] => par
    [2] => 2
    [sac_par_id] => 2
    [3] => par
    [data_type] => par
    [4] => 2
    [data_value] => 2
    [5] => 99
    [vehicle_number] => 99
    [6] => 9
    [driver_name] => 9
    [7] => 9
    [driving_license] => 9
    [8] => 9
    [container_number] => 9
    [9] => 9
    [seal_number] => 9
    [10] => 01-05-2017
    [date] => 01-05-2017
    [11] => 22:28:50
    [time_in] => 22:28:50
    [12] => Good
    [container_condition] => Good
    [13] => 20
    [vehicle_type] => 20
    [14] => 9
    [transporter_name] => 9
    [15] => created
    [status] => created
)
